<html>
<body>
<pre>
<h1>µVision Build Log</h1>
<h2>Project:</h2>
C:\Users\Jeroen\ownCloud\Projects\0 Multi\LED Rotary Dimmer\software\Project.uvproj
Project File Date:  06/22/2016

<h2>Output:</h2>
Build target 'LED Rotary Dimmer'
compiling system_stm32f0xx.c...
compiling memories.c...
user\memories.c(79): warning:  #1215-D: #warning directive: todo
  #warning todo
user\memories.c: 1 warning, 0 errors
compiling main.c...
user\main.h(17): warning:  #1215-D: #warning directive: Are these values up-to-date?
  #warning Are these values up-to-date?
user\main.c: 1 warning, 0 errors
compiling InitMCU.c...
user\InitMCU.c(210): warning:  #1215-D: #warning directive: TODO
        #warning TODO
user\InitMCU.c: 1 warning, 0 errors
compiling interrupts.c...
compiling controller.c...
user\controller.h(26): error:  #101: "max" has already been declared in the current scope
        uint16_t max;
user\controller.h(27): error:  #101: "max" has already been declared in the current scope
        uint16_t max;
user\controller.c: 0 warnings, 2 errors
compiling encoder.c...
compiling eeprom_M24C.c...
user\eeprom_M24C.c(33): warning:  #550-D: variable "eeprom_current_chipsize" was set but never used
  static uint16_t eeprom_current_chipsize       = 0;
user\eeprom_M24C.c: 1 warning, 0 errors
compiling pwm.c...
compiling stm32f0xx_hal.c...
compiling stm32f0xx_hal_adc.c...
compiling stm32f0xx_hal_adc_ex.c...
compiling stm32f0xx_hal_comp.c...
compiling stm32f0xx_hal_cortex.c...
compiling stm32f0xx_hal_crc.c...
compiling stm32f0xx_hal_crc_ex.c...
compiling stm32f0xx_hal_dac.c...
compiling stm32f0xx_hal_dac_ex.c...
compiling stm32f0xx_hal_dma.c...
compiling stm32f0xx_hal_flash.c...
compiling stm32f0xx_hal_flash_ex.c...
compiling stm32f0xx_hal_gpio.c...
compiling stm32f0xx_hal_i2c.c...
compiling stm32f0xx_hal_i2c_ex.c...
compiling stm32f0xx_hal_i2s.c...
compiling stm32f0xx_hal_iwdg.c...
compiling stm32f0xx_hal_pwr.c...
compiling stm32f0xx_hal_pwr_ex.c...
compiling stm32f0xx_hal_rcc.c...
compiling stm32f0xx_hal_rcc_ex.c...
compiling stm32f0xx_hal_rtc.c...
compiling stm32f0xx_hal_rtc_ex.c...
compiling stm32f0xx_hal_tim.c...
compiling stm32f0xx_hal_tim_ex.c...
compiling stm32f0xx_hal_wwdg.c...
".\build\LED_Rotary_Dimmer.axf" - 2 Error(s), 4 Warning(s).
Target not created
Clean started: Project: 'Project'
   deleting intermediate output files for target 'LED Rotary Dimmer'
Clean started: Project: 'Project'
   deleting intermediate output files for target 'LED Rotary Dimmer'
\build\LED_Rotary_Dimmer.axf" - 11 Error(s), 1 Warning(s).
Target not created
